<?xml version="1.0" encoding="UTF-8" ?>
<testsuites>
  <testsuite errors="0" failures="0" hostname="DWNPCPU043" id="0" name="RaceTests" package="racetrack" tests="1" time="0.163" timestamp="2013-11-18T07:31:13">
      <properties />

      <testcase classname="racetrack.RaceTests" name="testRaceDatesBeforeToday" time="0.161" />

      <system-out><![CDATA[--Output from testRaceDatesBeforeToday--
]]></system-out>

      <system-err><![CDATA[--Output from testRaceDatesBeforeToday--
]]></system-err>

  </testsuite>
  <testsuite errors="0" failures="0" hostname="DWNPCPU043" id="1" name="AdminControllerTests" package="racetrack" tests="1" time="1.548" timestamp="2013-11-18T07:30:53">
      <properties />

      <testcase classname="racetrack.AdminControllerTests" name="testSomething" time="1.244" />

      <system-out><![CDATA[--Output from testSomething--
]]></system-out>

      <system-err><![CDATA[--Output from testSomething--
]]></system-err>

  </testsuite>
  <testsuite errors="0" failures="0" hostname="DWNPCPU043" id="2" name="AdminFiltersTests" package="racetrack" tests="1" time="0.512" timestamp="2013-11-18T07:30:58">
      <properties />

      <testcase classname="racetrack.AdminFiltersTests" name="testSomething" time="0.377" />

      <system-out><![CDATA[--Output from testSomething--
]]></system-out>

      <system-err><![CDATA[--Output from testSomething--
]]></system-err>

  </testsuite>
  <testsuite errors="0" failures="0" hostname="DWNPCPU043" id="3" name="FooterTagLibTests" package="racetrack" tests="1" time="0.928" timestamp="2013-11-18T07:30:55">
      <properties />

      <testcase classname="racetrack.FooterTagLibTests" name="testSomething" time="0.555" />

      <system-out><![CDATA[--Output from testSomething--
]]></system-out>

      <system-err><![CDATA[--Output from testSomething--
]]></system-err>

  </testsuite>
  <testsuite errors="0" failures="0" hostname="DWNPCPU043" id="4" name="LoginTagLibTests" package="racetrack" tests="1" time="0.333" timestamp="2013-11-18T07:31:01">
      <properties />

      <testcase classname="racetrack.LoginTagLibTests" name="testSomething" time="0.194" />

      <system-out><![CDATA[--Output from testSomething--
]]></system-out>

      <system-err><![CDATA[--Output from testSomething--
]]></system-err>

  </testsuite>
  <testsuite errors="0" failures="0" hostname="DWNPCPU043" id="5" name="RaceControllerTests" package="racetrack" tests="1" time="0.393" timestamp="2013-11-18T07:31:01">
      <properties />

      <testcase classname="racetrack.RaceControllerTests" name="testSomething" time="0.19" />

      <system-out><![CDATA[--Output from testSomething--
]]></system-out>

      <system-err><![CDATA[--Output from testSomething--
]]></system-err>

  </testsuite>
  <testsuite errors="0" failures="0" hostname="DWNPCPU043" id="6" name="RaceTests" package="racetrack" tests="1" time="0.37" timestamp="2013-11-18T07:30:57">
      <properties />

      <testcase classname="racetrack.RaceTests" name="testSomething" time="0.128" />

      <system-out><![CDATA[--Output from testSomething--
]]></system-out>

      <system-err><![CDATA[--Output from testSomething--
]]></system-err>

  </testsuite>
  <testsuite errors="0" failures="0" hostname="DWNPCPU043" id="7" name="RegistrationControllerTests" package="racetrack" tests="1" time="0.173" timestamp="2013-11-18T07:31:02">
      <properties />

      <testcase classname="racetrack.RegistrationControllerTests" name="testSomething" time="0.171" />

      <system-out><![CDATA[--Output from testSomething--
]]></system-out>

      <system-err><![CDATA[--Output from testSomething--
]]></system-err>

  </testsuite>
  <testsuite errors="0" failures="0" hostname="DWNPCPU043" id="8" name="RegistrationTests" package="racetrack" tests="1" time="0.518" timestamp="2013-11-18T07:30:57">
      <properties />

      <testcase classname="racetrack.RegistrationTests" name="testSomething" time="0.231" />

      <system-out><![CDATA[--Output from testSomething--
]]></system-out>

      <system-err><![CDATA[--Output from testSomething--
]]></system-err>

  </testsuite>
  <testsuite errors="0" failures="0" hostname="DWNPCPU043" id="9" name="RunnerControllerTests" package="racetrack" tests="1" time="0.302" timestamp="2013-11-18T07:31:01">
      <properties />

      <testcase classname="racetrack.RunnerControllerTests" name="testSomething" time="0.176" />

      <system-out><![CDATA[--Output from testSomething--
]]></system-out>

      <system-err><![CDATA[--Output from testSomething--
]]></system-err>

  </testsuite>
  <testsuite errors="0" failures="0" hostname="DWNPCPU043" id="10" name="RunnerTests" package="racetrack" tests="1" time="0.713" timestamp="2013-11-18T07:30:56">
      <properties />

      <testcase classname="racetrack.RunnerTests" name="testSomething" time="0.459" />

      <system-out><![CDATA[--Output from testSomething--
]]></system-out>

      <system-err><![CDATA[--Output from testSomething--
]]></system-err>

  </testsuite>
  <testsuite errors="0" failures="0" hostname="DWNPCPU043" id="11" name="UserControllerTests" package="racetrack" tests="3" time="1.901" timestamp="2013-11-18T07:30:58">
      <properties />

      <testcase classname="racetrack.UserControllerTests" name="testIndex" time="0.483" />

      <testcase classname="racetrack.UserControllerTests" name="testShow" time="1.113" />

      <testcase classname="racetrack.UserControllerTests" name="testAuthenticate" time="0.171" />

      <system-out><![CDATA[--Output from testIndex--
--Output from testShow--
--Output from testAuthenticate--
]]></system-out>

      <system-err><![CDATA[--Output from testIndex--
--Output from testShow--
--Output from testAuthenticate--
]]></system-err>

  </testsuite>
  <testsuite errors="0" failures="0" hostname="DWNPCPU043" id="12" name="UserTests" package="racetrack" tests="2" time="0.626" timestamp="2013-11-18T07:31:00">
      <properties />

      <testcase classname="racetrack.UserTests" name="testSimpleConstraints" time="0.385" />

      <testcase classname="racetrack.UserTests" name="testUniqueConstraint" time="0.118" />

      <system-out><![CDATA[--Output from testSimpleConstraints--
--Output from testUniqueConstraint--
]]></system-out>

      <system-err><![CDATA[--Output from testSimpleConstraints--
--Output from testUniqueConstraint--
]]></system-err>

  </testsuite>
</testsuites>
